[2026-06-14T12:25:39-05:00] safe_pull start
[2026-06-14T12:25:40-05:00] no network or origin unreachable, skipping pull
[2026-06-14T12:39:45-05:00] safe_pull start
[2026-06-14T12:39:47-05:00] uncommitted changes present, skipping pull
[2026-06-14T15:11:30-05:00] safe_pull start
[2026-06-14T15:11:31-05:00] local tracked-file changes detected; stashing and dropping
From github.com:basor-dali/ReMow-Rover-Tests
 * branch            rework-turn-radius -> FETCH_HEAD
   1edabae..6d4ab54  rework-turn-radius -> origin/rework-turn-radius
Updating 1edabae..6d4ab54
Fast-forward
 LAST_PUSH.txt          | 6 +++---
 scripts/safe_pull.sh   | 0
 scripts/upload_logs.py | 0
 3 files changed, 3 insertions(+), 3 deletions(-)
 mode change 100644 => 100755 scripts/safe_pull.sh
 mode change 100644 => 100755 scripts/upload_logs.py
[2026-06-14T15:11:33-05:00] pull OK on rework-turn-radius
To github.com:basor-dali/ReMow-Rover-Logs.git
   46a6036..20faca8  main -> main
[2026-06-14T15:13:06-05:00] safe_pull start
[2026-06-14T15:13:07-05:00] local tracked-file changes detected; stashing and dropping
From github.com:basor-dali/ReMow-Rover-Tests
 * branch            rework-turn-radius -> FETCH_HEAD
   6d4ab54..9197890  rework-turn-radius -> origin/rework-turn-radius
Updating 6d4ab54..9197890
Fast-forward
 LAST_PUSH.txt | 7 ++++---
 1 file changed, 4 insertions(+), 3 deletions(-)
[2026-06-14T15:13:09-05:00] pull OK on rework-turn-radius
To github.com:basor-dali/ReMow-Rover-Logs.git
   20faca8..2c9f1ec  main -> main
[2026-06-14T15:17:26-05:00] safe_pull start
[2026-06-14T15:17:27-05:00] local tracked-file changes detected; stashing and dropping
From github.com:basor-dali/ReMow-Rover-Tests
 * branch            rework-turn-radius -> FETCH_HEAD
Already up to date.
[2026-06-14T15:17:29-05:00] pull OK on rework-turn-radius
To github.com:basor-dali/ReMow-Rover-Logs.git
   2c9f1ec..aaea985  main -> main
[2026-06-14T15:18:50-05:00] safe_pull start
[2026-06-14T15:18:55-05:00] origin unreachable (attempt 1/6), sleeping 10s
[2026-06-14T15:19:07-05:00] local tracked-file changes detected; stashing and dropping
From github.com:basor-dali/ReMow-Rover-Tests
 * branch            rework-turn-radius -> FETCH_HEAD
Already up to date.
[2026-06-14T15:19:08-05:00] pull OK on rework-turn-radius
To github.com:basor-dali/ReMow-Rover-Logs.git
   aaea985..cf4a774  main -> main
[2026-06-14T15:24:46-05:00] safe_pull start
From github.com:basor-dali/ReMow-Rover-Tests
 * branch            rework-turn-radius -> FETCH_HEAD
Already up to date.
[2026-06-14T15:24:50-05:00] pull OK on rework-turn-radius
To github.com:basor-dali/ReMow-Rover-Logs.git
   cf4a774..ac8f56b  main -> main
[2026-07-05T10:59:35-05:00] safe_pull start
[2026-07-05T10:59:38-05:00] local tracked-file changes detected; stashing and dropping
From github.com:basor-dali/ReMow-Rover-Tests
 * branch            rework-turn-radius -> FETCH_HEAD
Already up to date.
[2026-07-05T10:59:40-05:00] pull OK on rework-turn-radius
