2026-07-18 11:27:36,807 - INFO - Constants module loaded successfully
2026-07-18 11:27:36,823 - INFO - RoboClaw opened on /dev/serial/by-id/usb-Basicmicro_Inc._USB_Roboclaw_2x15A-if00
2026-07-18 11:27:37,137 - INFO - RoboClaw: encoders reset, actuators set to neutral (1100)
2026-07-18 11:27:37,440 - INFO - RoboClaw: serial port closed (ready for subprocess)
2026-07-18 11:27:37,440 - INFO - Application started
2026-07-18 11:27:37,440 - INFO - Starting main function
2026-07-18 11:27:37,441 - INFO - Waiting for user input...
2026-07-18 11:27:37,445 - INFO - Background GPS heading capture started
2026-07-18 11:27:45,294 - INFO - Background GPS port closed
2026-07-18 11:27:45,572 - INFO - Persisted heading 352.3° (accuracy: 1.0°) captured at 2026-07-18 11:27:45
2026-07-18 11:27:46,575 - INFO - User selected mode: B
2026-07-18 11:27:46,575 - INFO - Mode B selected
2026-07-18 11:27:46,575 - INFO - Enter a 2-digit combination
2026-07-18 11:27:46,806 - INFO - Digit entered: 5
2026-07-18 11:27:46,816 - INFO - Digit entered: 5
2026-07-18 11:27:46,816 - INFO - Combination entered: 55
2026-07-18 11:27:46,816 - INFO - File with ID 55 found in Record/Data
2026-07-18 11:31:49,027 - WARNING - safe_pull failed (ignored): Command '['/home/dali/Documents/ReMow-Rover-Tests/scripts/safe_pull.sh']' timed out after 34.999970037 seconds
2026-07-18 11:31:49,028 - INFO - Setting UBX Rate to 200 ms (5 Hz)
2026-07-18 11:31:57,538 - INFO - UBX Rate set to 200 ms (5 Hz)
2026-07-18 11:31:57,619 - INFO - Closed GPS port after configuration
2026-07-18 11:31:57,624 - INFO - Triggering readRecordedRun with combination: 55
2026-07-18 11:32:44,275 - INFO - Subprocess exited with code: 0
2026-07-18 11:32:45,326 - INFO - Waiting for user input...
2026-07-18 11:32:45,383 - INFO - Background GPS heading capture started
2026-07-18 11:32:54,531 - INFO - Background GPS port closed
