2026-07-05 10:59:39,456 - INFO - Constants module loaded successfully
2026-07-05 10:59:39,474 - INFO - RoboClaw opened on /dev/serial/by-id/usb-Basicmicro_Inc._USB_Roboclaw_2x15A-if00
2026-07-05 10:59:39,786 - INFO - RoboClaw: encoders reset, actuators set to neutral (1100)
2026-07-05 10:59:40,090 - INFO - RoboClaw: serial port closed (ready for subprocess)
2026-07-05 10:59:40,090 - INFO - Application started
2026-07-05 10:59:40,090 - INFO - Starting main function
2026-07-05 10:59:40,090 - INFO - Waiting for user input...
2026-07-05 10:59:40,095 - INFO - Background GPS heading capture started
2026-07-05 11:06:43,699 - INFO - Inactivity timeout reached. Restarting menu.
2026-07-05 11:06:43,839 - INFO - Background GPS port closed
2026-07-05 11:06:46,788 - INFO - Persisted heading 51.0° (accuracy: 1.0°) captured at 2026-07-05 11:06:43
2026-07-05 11:06:46,788 - INFO - Waiting for user input...
2026-07-05 11:06:46,790 - INFO - Background GPS heading capture started
2026-07-05 11:08:20,828 - INFO - Background GPS port closed
2026-07-05 11:08:20,841 - INFO - Persisted heading 49.8° (accuracy: 1.0°) captured at 2026-07-05 11:08:20
2026-07-05 11:08:21,843 - INFO - User selected mode: B
2026-07-05 11:08:21,843 - INFO - Mode B selected
2026-07-05 11:08:21,843 - INFO - Enter a 2-digit combination
2026-07-05 11:08:21,853 - INFO - Digit entered: 5
2026-07-05 11:08:21,864 - INFO - Digit entered: 5
2026-07-05 11:08:21,864 - INFO - Combination entered: 55
2026-07-05 11:08:21,864 - INFO - File with ID 55 found in Record/Data
2026-07-05 11:09:02,869 - WARNING - safe_pull failed (ignored): Command '['/home/dali/Documents/ReMow-Rover-Tests/scripts/safe_pull.sh']' timed out after 34.99996391899998 seconds
2026-07-05 11:09:02,872 - INFO - Setting UBX Rate to 200 ms (5 Hz)
2026-07-05 11:09:11,381 - INFO - UBX Rate set to 200 ms (5 Hz)
2026-07-05 11:09:11,382 - INFO - Closed GPS port after configuration
2026-07-05 11:09:11,382 - INFO - Triggering readRecordedRun with combination: 55
2026-07-05 11:09:19,882 - INFO - Mode D pressed, attempting graceful shutdown...
2026-07-05 11:09:26,134 - WARNING - Graceful shutdown failed, forcing termination...
2026-07-05 11:09:26,173 - INFO - GREEN LED forced off after terminating recording process.
2026-07-05 11:09:26,193 - INFO - User requested stop with 'D'. Returning to main menu.
2026-07-05 11:09:27,229 - INFO - Waiting for user input...
2026-07-05 11:09:27,291 - INFO - Background GPS heading capture started
