2026-07-05 14:02:47,138 - INFO - Constants module loaded successfully
2026-07-05 14:02:47,143 - INFO - RoboClaw opened on /dev/serial/by-id/usb-Basicmicro_Inc._USB_Roboclaw_2x15A-if00
2026-07-05 14:02:47,458 - INFO - RoboClaw: encoders reset, actuators set to neutral (1100)
2026-07-05 14:02:47,763 - INFO - RoboClaw: serial port closed (ready for subprocess)
2026-07-05 14:02:47,763 - INFO - Application started
2026-07-05 14:02:47,763 - INFO - Starting main function
2026-07-05 14:02:47,763 - INFO - Waiting for user input...
2026-07-05 14:02:47,768 - INFO - Background GPS heading capture started
2026-07-05 14:04:47,834 - INFO - Inactivity timeout reached. Restarting menu.
2026-07-05 14:04:47,845 - INFO - Background GPS port closed
2026-07-05 14:04:50,403 - INFO - Persisted heading 239.8° (accuracy: 1.0°) captured at 2026-07-05 14:04:47
2026-07-05 14:04:50,404 - INFO - Waiting for user input...
2026-07-05 14:04:50,405 - INFO - Background GPS heading capture started
2026-07-05 14:04:54,842 - INFO - Background GPS port closed
2026-07-05 14:04:54,860 - INFO - Persisted heading 208.2° (accuracy: 1.0°) captured at 2026-07-05 14:04:54
2026-07-05 14:04:55,861 - INFO - User selected mode: B
2026-07-05 14:04:55,861 - INFO - Mode B selected
2026-07-05 14:04:55,861 - INFO - Enter a 2-digit combination
2026-07-05 14:04:56,092 - INFO - Digit entered: 5
2026-07-05 14:04:56,103 - INFO - Digit entered: 5
2026-07-05 14:04:56,103 - INFO - Combination entered: 55
2026-07-05 14:04:56,103 - INFO - File with ID 55 found in Record/Data
2026-07-05 14:05:37,104 - WARNING - safe_pull failed (ignored): Command '['/home/dali/Documents/ReMow-Rover-Tests/scripts/safe_pull.sh']' timed out after 34.999961458 seconds
2026-07-05 14:05:37,106 - INFO - Setting UBX Rate to 200 ms (5 Hz)
2026-07-05 14:05:45,616 - INFO - UBX Rate set to 200 ms (5 Hz)
2026-07-05 14:05:45,617 - INFO - Closed GPS port after configuration
2026-07-05 14:05:45,617 - INFO - Triggering readRecordedRun with combination: 55
