2026-06-07 15:04:40,314 - INFO - Constants module loaded successfully
2026-06-07 15:04:40,323 - INFO - RoboClaw opened on /dev/serial/by-id/usb-Basicmicro_Inc._USB_Roboclaw_2x15A-if00
2026-06-07 15:04:40,639 - INFO - RoboClaw: encoders reset, actuators set to neutral (1100)
2026-06-07 15:04:40,942 - INFO - RoboClaw: serial port closed (ready for subprocess)
2026-06-07 15:04:40,942 - INFO - Application started
2026-06-07 15:04:40,943 - INFO - Starting main function
2026-06-07 15:04:40,943 - INFO - Waiting for user input...
2026-06-07 15:04:40,948 - INFO - Background GPS heading capture started
2026-06-07 15:42:40,715 - INFO - Inactivity timeout reached. Restarting menu.
2026-06-07 15:42:40,846 - INFO - Background GPS port closed
2026-06-07 15:42:40,847 - WARNING - No valid heading captured to persist
2026-06-07 15:42:40,847 - INFO - Waiting for user input...
2026-06-07 15:42:40,848 - INFO - Background GPS heading capture started
2026-06-07 15:43:58,686 - INFO - Background GPS port closed
2026-06-07 15:43:58,686 - WARNING - No valid heading captured to persist
2026-06-07 15:43:59,687 - INFO - User selected mode: B
2026-06-07 15:43:59,687 - INFO - Mode B selected
2026-06-07 15:43:59,687 - INFO - Enter a 2-digit combination
2026-06-07 15:44:00,359 - INFO - Digit entered: 5
2026-06-07 15:44:00,369 - INFO - Digit entered: 5
2026-06-07 15:44:00,370 - INFO - Combination entered: 55
2026-06-07 15:44:00,373 - INFO - File with ID 55 found in Record/Data
2026-06-07 15:44:06,375 - INFO - Setting UBX Rate to 200 ms (5 Hz)
2026-06-07 15:44:14,885 - INFO - UBX Rate set to 200 ms (5 Hz)
2026-06-07 15:44:14,887 - INFO - Closed GPS port after configuration
2026-06-07 15:44:14,887 - INFO - Triggering readRecordedRun with combination: 55
2026-06-07 15:44:20,171 - INFO - Mode D pressed, attempting graceful shutdown...
