2026-07-18 09:57:17,672 - INFO - Constants module loaded successfully
2026-07-18 09:57:17,688 - INFO - RoboClaw opened on /dev/serial/by-id/usb-Basicmicro_Inc._USB_Roboclaw_2x15A-if00
2026-07-18 09:57:18,001 - INFO - RoboClaw: encoders reset, actuators set to neutral (1100)
2026-07-18 09:57:18,305 - INFO - RoboClaw: serial port closed (ready for subprocess)
2026-07-18 09:57:18,305 - INFO - Application started
2026-07-18 09:57:18,305 - INFO - Starting main function
2026-07-18 09:57:18,305 - INFO - Waiting for user input...
2026-07-18 09:57:18,310 - INFO - Background GPS heading capture started
2026-07-18 09:59:47,294 - INFO - Inactivity timeout reached. Restarting menu.
2026-07-18 09:59:47,433 - INFO - Background GPS port closed
2026-07-18 09:59:47,433 - WARNING - No valid heading captured to persist
2026-07-18 09:59:47,433 - INFO - Waiting for user input...
2026-07-18 09:59:47,435 - INFO - Background GPS heading capture started
2026-07-18 10:01:47,466 - INFO - Inactivity timeout reached. Restarting menu.
2026-07-18 10:01:47,470 - INFO - Background GPS port closed
2026-07-18 10:01:47,470 - WARNING - No valid heading captured to persist
2026-07-18 10:01:47,470 - INFO - Waiting for user input...
2026-07-18 10:01:47,471 - INFO - Background GPS heading capture started
2026-07-18 10:03:47,481 - INFO - Inactivity timeout reached. Restarting menu.
2026-07-18 10:03:47,486 - INFO - Background GPS port closed
2026-07-18 10:03:47,486 - WARNING - No valid heading captured to persist
2026-07-18 10:03:47,486 - INFO - Waiting for user input...
2026-07-18 10:03:47,487 - INFO - Background GPS heading capture started
2026-07-18 10:05:47,504 - INFO - Inactivity timeout reached. Restarting menu.
2026-07-18 10:05:47,509 - INFO - Background GPS port closed
2026-07-18 10:05:47,509 - WARNING - No valid heading captured to persist
2026-07-18 10:05:47,510 - INFO - Waiting for user input...
2026-07-18 10:05:47,511 - INFO - Background GPS heading capture started
2026-07-18 10:07:47,513 - INFO - Inactivity timeout reached. Restarting menu.
2026-07-18 10:07:47,516 - INFO - Background GPS port closed
2026-07-18 10:07:47,517 - WARNING - No valid heading captured to persist
2026-07-18 10:07:47,517 - INFO - Waiting for user input...
2026-07-18 10:07:47,518 - INFO - Background GPS heading capture started
2026-07-18 10:09:47,518 - INFO - Inactivity timeout reached. Restarting menu.
2026-07-18 10:09:47,660 - INFO - Background GPS port closed
2026-07-18 10:09:47,660 - WARNING - No valid heading captured to persist
2026-07-18 10:09:47,661 - INFO - Waiting for user input...
2026-07-18 10:09:47,662 - INFO - Background GPS heading capture started
2026-07-18 10:11:47,673 - INFO - Inactivity timeout reached. Restarting menu.
2026-07-18 10:11:47,676 - INFO - Background GPS port closed
2026-07-18 10:11:47,676 - WARNING - No valid heading captured to persist
2026-07-18 10:11:47,677 - INFO - Waiting for user input...
2026-07-18 10:11:47,678 - INFO - Background GPS heading capture started
2026-07-18 10:13:47,797 - INFO - Inactivity timeout reached. Restarting menu.
2026-07-18 10:13:47,853 - INFO - Background GPS port closed
2026-07-18 10:13:47,853 - WARNING - No valid heading captured to persist
2026-07-18 10:13:47,853 - INFO - Waiting for user input...
2026-07-18 10:13:47,854 - INFO - Background GPS heading capture started
2026-07-18 10:15:47,859 - INFO - Inactivity timeout reached. Restarting menu.
2026-07-18 10:15:47,881 - INFO - Background GPS port closed
2026-07-18 10:15:47,881 - WARNING - No valid heading captured to persist
2026-07-18 10:15:47,881 - INFO - Waiting for user input...
2026-07-18 10:15:47,882 - INFO - Background GPS heading capture started
2026-07-18 10:17:47,896 - INFO - Inactivity timeout reached. Restarting menu.
2026-07-18 10:17:48,054 - INFO - Background GPS port closed
2026-07-18 10:17:48,054 - WARNING - No valid heading captured to persist
2026-07-18 10:17:48,054 - INFO - Waiting for user input...
2026-07-18 10:17:48,055 - INFO - Background GPS heading capture started
2026-07-18 10:19:48,166 - INFO - Inactivity timeout reached. Restarting menu.
2026-07-18 10:19:48,257 - INFO - Background GPS port closed
2026-07-18 10:19:48,257 - WARNING - No valid heading captured to persist
2026-07-18 10:19:48,257 - INFO - Waiting for user input...
2026-07-18 10:19:48,259 - INFO - Background GPS heading capture started
