2026-06-14 11:50:53,099 - INFO - Constants module loaded successfully
2026-06-14 11:50:53,106 - INFO - RoboClaw opened on /dev/serial/by-id/usb-Basicmicro_Inc._USB_Roboclaw_2x15A-if00
2026-06-14 11:50:53,421 - INFO - RoboClaw: encoders reset, actuators set to neutral (1100)
2026-06-14 11:50:53,726 - INFO - RoboClaw: serial port closed (ready for subprocess)
2026-06-14 11:50:53,726 - INFO - Application started
2026-06-14 11:50:53,726 - INFO - Starting main function
2026-06-14 11:50:53,726 - INFO - Waiting for user input...
2026-06-14 11:50:53,730 - INFO - Background GPS heading capture started
2026-06-14 11:53:16,163 - INFO - Inactivity timeout reached. Restarting menu.
2026-06-14 11:53:16,251 - INFO - Background GPS port closed
2026-06-14 11:53:16,251 - WARNING - No valid heading captured to persist
2026-06-14 11:53:16,254 - INFO - Waiting for user input...
2026-06-14 11:53:16,256 - INFO - Background GPS heading capture started
2026-06-14 11:55:16,362 - INFO - Inactivity timeout reached. Restarting menu.
2026-06-14 11:55:16,380 - INFO - Background GPS port closed
2026-06-14 11:55:16,380 - WARNING - No valid heading captured to persist
2026-06-14 11:55:16,380 - INFO - Waiting for user input...
2026-06-14 11:55:16,382 - INFO - Background GPS heading capture started
2026-06-14 11:57:16,497 - INFO - Inactivity timeout reached. Restarting menu.
2026-06-14 11:57:16,648 - INFO - Background GPS port closed
2026-06-14 11:57:16,648 - WARNING - No valid heading captured to persist
2026-06-14 11:57:16,648 - INFO - Waiting for user input...
2026-06-14 11:57:16,649 - INFO - Background GPS heading capture started
2026-06-14 11:59:16,762 - INFO - Inactivity timeout reached. Restarting menu.
2026-06-14 11:59:16,846 - INFO - Background GPS port closed
2026-06-14 11:59:16,846 - WARNING - No valid heading captured to persist
2026-06-14 11:59:16,846 - INFO - Waiting for user input...
2026-06-14 11:59:16,848 - INFO - Background GPS heading capture started
2026-06-14 12:01:16,962 - INFO - Inactivity timeout reached. Restarting menu.
2026-06-14 12:01:17,035 - INFO - Background GPS port closed
2026-06-14 12:01:17,036 - WARNING - No valid heading captured to persist
2026-06-14 12:01:17,036 - INFO - Waiting for user input...
2026-06-14 12:01:17,037 - INFO - Background GPS heading capture started
2026-06-14 12:03:17,146 - INFO - Inactivity timeout reached. Restarting menu.
2026-06-14 12:03:17,232 - INFO - Background GPS port closed
2026-06-14 12:03:17,232 - WARNING - No valid heading captured to persist
2026-06-14 12:03:17,232 - INFO - Waiting for user input...
2026-06-14 12:03:17,233 - INFO - Background GPS heading capture started
2026-06-14 12:05:17,350 - INFO - Inactivity timeout reached. Restarting menu.
2026-06-14 12:05:17,359 - INFO - Background GPS port closed
2026-06-14 12:05:17,360 - WARNING - No valid heading captured to persist
2026-06-14 12:05:17,360 - INFO - Waiting for user input...
2026-06-14 12:05:17,361 - INFO - Background GPS heading capture started
2026-06-14 12:07:17,472 - INFO - Inactivity timeout reached. Restarting menu.
2026-06-14 12:07:17,499 - INFO - Background GPS port closed
2026-06-14 12:07:17,499 - WARNING - No valid heading captured to persist
2026-06-14 12:07:17,499 - INFO - Waiting for user input...
2026-06-14 12:07:17,500 - INFO - Background GPS heading capture started
2026-06-14 12:09:17,610 - INFO - Inactivity timeout reached. Restarting menu.
2026-06-14 12:09:17,653 - INFO - Background GPS port closed
2026-06-14 12:09:17,663 - WARNING - No valid heading captured to persist
2026-06-14 12:09:17,663 - INFO - Waiting for user input...
2026-06-14 12:09:17,664 - INFO - Background GPS heading capture started
2026-06-14 12:11:17,772 - INFO - Inactivity timeout reached. Restarting menu.
2026-06-14 12:11:17,853 - INFO - Background GPS port closed
2026-06-14 12:11:17,854 - WARNING - No valid heading captured to persist
2026-06-14 12:11:17,854 - INFO - Waiting for user input...
2026-06-14 12:11:17,856 - INFO - Background GPS heading capture started
2026-06-14 12:13:17,973 - INFO - Inactivity timeout reached. Restarting menu.
2026-06-14 12:13:18,052 - INFO - Background GPS port closed
2026-06-14 12:13:18,053 - WARNING - No valid heading captured to persist
2026-06-14 12:13:18,053 - INFO - Waiting for user input...
2026-06-14 12:13:18,054 - INFO - Background GPS heading capture started
2026-06-14 12:15:18,168 - INFO - Inactivity timeout reached. Restarting menu.
2026-06-14 12:15:18,249 - INFO - Background GPS port closed
2026-06-14 12:15:18,249 - WARNING - No valid heading captured to persist
2026-06-14 12:15:18,250 - INFO - Waiting for user input...
2026-06-14 12:15:18,251 - INFO - Background GPS heading capture started
2026-06-14 12:17:18,367 - INFO - Inactivity timeout reached. Restarting menu.
2026-06-14 12:17:18,447 - INFO - Background GPS port closed
2026-06-14 12:17:18,447 - WARNING - No valid heading captured to persist
2026-06-14 12:17:18,447 - INFO - Waiting for user input...
2026-06-14 12:17:18,449 - INFO - Background GPS heading capture started
2026-06-14 12:19:18,561 - INFO - Inactivity timeout reached. Restarting menu.
2026-06-14 12:19:18,648 - INFO - Background GPS port closed
2026-06-14 12:19:18,648 - WARNING - No valid heading captured to persist
2026-06-14 12:19:18,649 - INFO - Waiting for user input...
2026-06-14 12:19:18,650 - INFO - Background GPS heading capture started
2026-06-14 12:21:18,696 - INFO - Inactivity timeout reached. Restarting menu.
2026-06-14 12:21:18,763 - INFO - Background GPS port closed
2026-06-14 12:21:18,763 - WARNING - No valid heading captured to persist
2026-06-14 12:21:18,763 - INFO - Waiting for user input...
2026-06-14 12:21:18,765 - INFO - Background GPS heading capture started
2026-06-14 12:23:18,848 - INFO - Inactivity timeout reached. Restarting menu.
2026-06-14 12:23:18,885 - INFO - Background GPS port closed
2026-06-14 12:23:18,885 - WARNING - No valid heading captured to persist
2026-06-14 12:23:18,885 - INFO - Waiting for user input...
2026-06-14 12:23:18,887 - INFO - Background GPS heading capture started
2026-06-14 12:24:49,446 - INFO - Background GPS port closed
2026-06-14 12:24:49,447 - WARNING - No valid heading captured to persist
2026-06-14 12:24:50,448 - INFO - User selected mode: B
2026-06-14 12:24:50,448 - INFO - Mode B selected
2026-06-14 12:24:50,448 - INFO - Enter a 2-digit combination
2026-06-14 12:24:52,003 - INFO - Digit entered: 5
2026-06-14 12:24:52,013 - INFO - Digit entered: 5
2026-06-14 12:24:52,013 - INFO - Combination entered: 55
2026-06-14 12:24:52,013 - INFO - File with ID 55 found in Record/Data
2026-06-14 12:24:58,017 - INFO - Setting UBX Rate to 200 ms (5 Hz)
2026-06-14 12:25:06,526 - INFO - UBX Rate set to 200 ms (5 Hz)
2026-06-14 12:25:06,571 - INFO - Closed GPS port after configuration
2026-06-14 12:25:06,586 - INFO - Triggering readRecordedRun with combination: 55
2026-06-14 12:25:12,161 - INFO - Mode D pressed, attempting graceful shutdown...
2026-06-14 12:25:18,417 - WARNING - Graceful shutdown failed, forcing termination...
2026-06-14 12:25:18,451 - INFO - GREEN LED forced off after terminating recording process.
2026-06-14 12:25:18,467 - INFO - User requested stop with 'D'. Returning to main menu.
2026-06-14 12:25:19,482 - INFO - Waiting for user input...
2026-06-14 12:25:19,548 - INFO - Background GPS heading capture started
2026-06-14 12:25:19,591 - INFO - Background GPS port closed
2026-06-14 12:25:19,617 - WARNING - No valid heading captured to persist
2026-06-14 12:25:20,689 - INFO - User selected mode: D
2026-06-14 12:25:20,699 - INFO - Mode D selected
2026-06-14 12:25:21,719 - INFO - Waiting for user input...
2026-06-14 12:25:21,786 - INFO - Background GPS heading capture started
